<?xml version="1.0" encoding="UTF-8" ?>
<testsuite failures="2" time="0.575" errors="0" skipped="0" tests="2" name="amidja.jas.core.AppTest">
  <properties>
    <property name="java.runtime.name" value="Java(TM) SE Runtime Environment"/>
    <property name="sun.boot.library.path" value="C:\Program Files\Java\jdk1.6.0_20\jre\bin"/>
    <property name="java.vm.version" value="16.3-b01"/>
    <property name="java.vm.vendor" value="Sun Microsystems Inc."/>
    <property name="java.vendor.url" value="http://java.sun.com/"/>
    <property name="path.separator" value=";"/>
    <property name="java.vm.name" value="Java HotSpot(TM) 64-Bit Server VM"/>
    <property name="file.encoding.pkg" value="sun.io"/>
    <property name="user.country" value="AU"/>
    <property name="sun.java.launcher" value="SUN_STANDARD"/>
    <property name="sun.os.patch.level" value="Service Pack 1"/>
    <property name="java.vm.specification.name" value="Java Virtual Machine Specification"/>
    <property name="user.dir" value="C:\Users\Jasmin\Documents\GitHub\JavaGit\01-core-xml"/>
    <property name="java.runtime.version" value="1.6.0_20-b02"/>
    <property name="java.awt.graphicsenv" value="sun.awt.Win32GraphicsEnvironment"/>
    <property name="basedir" value="C:\Users\Jasmin\Documents\GitHub\JavaGit\01-core-xml"/>
    <property name="java.endorsed.dirs" value="C:\Program Files\Java\jdk1.6.0_20\jre\lib\endorsed"/>
    <property name="os.arch" value="amd64"/>
    <property name="surefire.real.class.path" value="C:\Users\Jasmin\AppData\Local\Temp\surefirebooter4695002342612774724.jar"/>
    <property name="java.io.tmpdir" value="C:\Users\Jasmin\AppData\Local\Temp\"/>
    <property name="line.separator" value="
"/>
    <property name="java.vm.specification.vendor" value="Sun Microsystems Inc."/>
    <property name="user.variant" value=""/>
    <property name="os.name" value="Windows 7"/>
    <property name="sun.jnu.encoding" value="Cp1252"/>
    <property name="java.library.path" value="C:\Program Files\Java\jdk1.6.0_20\jre\bin;.;C:\Windows\Sun\Java\bin;C:\Windows\system32;C:\Windows;%SystemRoot%\system32\WindowsPowerShell\v1.0\;C:\Program Files (x86)\PC Connectivity Solution\;C:\Program Files\Common Files\Microsoft Shared\Windows Live;C:\Program Files (x86)\Common Files\Microsoft Shared\Windows Live;C:\Windows\system32;C:\Windows;C:\Windows\System32\Wbem;C:\Windows\System32\WindowsPowerShell\v1.0\;C:\Program Files\WIDCOMM\Bluetooth Software\;C:\Program Files\WIDCOMM\Bluetooth Software\syswow64;C:\Program Files (x86)\ATI Technologies\ATI.ACE\Core-Static;C:\Program Files (x86)\Common Files\Roxio Shared\10.0\DLLShared\;C:\Program Files (x86)\Common Files\Roxio Shared\DLLShared\;C:\Program Files (x86)\Microsoft SQL Server\90\Tools\binn\;C:\Program Files (x86)\Apache Software Foundation\apache-maven-2.2.1\bin;C:\bin;C:\app-servers\glassfish3\javadb\bin;C:\bin;C:\app-servers\glassfishv3\bin;C:\app-servers\glassfish3\glassfish\bin;C:\Program Files (x86)\Bitvise Tunnelier;C:\Program Files (x86)\Windows Live\Shared;C:\Program Files\Java\jdk1.6.0_20\bin"/>
    <property name="surefire.test.class.path" value="C:\Users\Jasmin\Documents\GitHub\JavaGit\01-core-xml\target\test-classes;C:\Users\Jasmin\Documents\GitHub\JavaGit\01-core-xml\target\classes;G:\maven2\repository\org\jibx\jibx-tools\1.2.4.5\jibx-tools-1.2.4.5.jar;G:\maven2\repository\org\jibx\jibx-schema\1.2.4.5\jibx-schema-1.2.4.5.jar;G:\maven2\repository\org\jibx\jibx-bind\1.2.4.5\jibx-bind-1.2.4.5.jar;G:\maven2\repository\org\jibx\jibx-run\1.2.4.5\jibx-run-1.2.4.5.jar;G:\maven2\repository\joda-time\joda-time\2.1\joda-time-2.1.jar;G:\maven2\repository\xpp3\xpp3\1.1.3.4.O\xpp3-1.1.3.4.O.jar;G:\maven2\repository\bcel\bcel\5.1\bcel-5.1.jar;G:\maven2\repository\regexp\regexp\1.2\regexp-1.2.jar;G:\maven2\repository\log4j\log4j\1.2.16\log4j-1.2.16.jar;G:\maven2\repository\com\thoughtworks\qdox\qdox\1.12\qdox-1.12.jar;G:\maven2\repository\org\jibx\jibx-extras\1.2.4.5\jibx-extras-1.2.4.5.jar;G:\maven2\repository\dom4j\dom4j\1.6.1\dom4j-1.6.1.jar;G:\maven2\repository\xml-apis\xml-apis\1.0.b2\xml-apis-1.0.b2.jar;G:\maven2\repository\org\jdom\jdom\1.1.3\jdom-1.1.3.jar;G:\maven2\repository\org\jibx\config\3rdparty\org\eclipse\org.eclipse.core.contenttype\3.4.100.v20110423-0524\org.eclipse.core.contenttype-3.4.100.v20110423-0524.jar;G:\maven2\repository\org\jibx\config\3rdparty\org\eclipse\org.eclipse.core.jobs\3.5.100.v20110404\org.eclipse.core.jobs-3.5.100.v20110404.jar;G:\maven2\repository\org\jibx\config\3rdparty\org\eclipse\org.eclipse.core.resources\3.7.100.v20110510-0712\org.eclipse.core.resources-3.7.100.v20110510-0712.jar;G:\maven2\repository\org\jibx\config\3rdparty\org\eclipse\org.eclipse.core.runtime\3.7.0.v20110110\org.eclipse.core.runtime-3.7.0.v20110110.jar;G:\maven2\repository\org\jibx\config\3rdparty\org\eclipse\org.eclipse.equinox.common\3.6.0.v20110523\org.eclipse.equinox.common-3.6.0.v20110523.jar;G:\maven2\repository\org\jibx\config\3rdparty\org\eclipse\org.eclipse.equinox.preferences\3.4.0.v20110502\org.eclipse.equinox.preferences-3.4.0.v20110502.jar;G:\maven2\repository\org\jibx\config\3rdparty\org\eclipse\org.eclipse.jdt.core\3.7.0.v_B61\org.eclipse.jdt.core-3.7.0.v_B61.jar;G:\maven2\repository\org\jibx\config\3rdparty\org\eclipse\org.eclipse.osgi\3.7.0.v20110613\org.eclipse.osgi-3.7.0.v20110613.jar;G:\maven2\repository\org\jibx\config\3rdparty\org\eclipse\org.eclipse.text\3.5.100.v20110505-0800\org.eclipse.text-3.5.100.v20110505-0800.jar;G:\maven2\repository\org\slf4j\slf4j-api\1.6.6\slf4j-api-1.6.6.jar;G:\maven2\repository\ch\qos\logback\logback-classic\1.0.7\logback-classic-1.0.7.jar;G:\maven2\repository\ch\qos\logback\logback-core\1.0.7\logback-core-1.0.7.jar;G:\maven2\repository\junit\junit\4.10\junit-4.10.jar;G:\maven2\repository\org\hamcrest\hamcrest-core\1.1\hamcrest-core-1.1.jar;G:\maven2\repository\org\hamcrest\hamcrest-all\1.3\hamcrest-all-1.3.jar;"/>
    <property name="java.specification.name" value="Java Platform API Specification"/>
    <property name="java.class.version" value="50.0"/>
    <property name="sun.management.compiler" value="HotSpot 64-Bit Server Compiler"/>
    <property name="os.version" value="6.1"/>
    <property name="user.home" value="C:\Users\Jasmin"/>
    <property name="user.timezone" value="Australia/Sydney"/>
    <property name="java.awt.printerjob" value="sun.awt.windows.WPrinterJob"/>
    <property name="java.specification.version" value="1.6"/>
    <property name="file.encoding" value="Cp1252"/>
    <property name="user.name" value="Jasmin"/>
    <property name="java.class.path" value="C:\Users\Jasmin\Documents\GitHub\JavaGit\01-core-xml\target\test-classes;C:\Users\Jasmin\Documents\GitHub\JavaGit\01-core-xml\target\classes;G:\maven2\repository\org\jibx\jibx-tools\1.2.4.5\jibx-tools-1.2.4.5.jar;G:\maven2\repository\org\jibx\jibx-schema\1.2.4.5\jibx-schema-1.2.4.5.jar;G:\maven2\repository\org\jibx\jibx-bind\1.2.4.5\jibx-bind-1.2.4.5.jar;G:\maven2\repository\org\jibx\jibx-run\1.2.4.5\jibx-run-1.2.4.5.jar;G:\maven2\repository\joda-time\joda-time\2.1\joda-time-2.1.jar;G:\maven2\repository\xpp3\xpp3\1.1.3.4.O\xpp3-1.1.3.4.O.jar;G:\maven2\repository\bcel\bcel\5.1\bcel-5.1.jar;G:\maven2\repository\regexp\regexp\1.2\regexp-1.2.jar;G:\maven2\repository\log4j\log4j\1.2.16\log4j-1.2.16.jar;G:\maven2\repository\com\thoughtworks\qdox\qdox\1.12\qdox-1.12.jar;G:\maven2\repository\org\jibx\jibx-extras\1.2.4.5\jibx-extras-1.2.4.5.jar;G:\maven2\repository\dom4j\dom4j\1.6.1\dom4j-1.6.1.jar;G:\maven2\repository\xml-apis\xml-apis\1.0.b2\xml-apis-1.0.b2.jar;G:\maven2\repository\org\jdom\jdom\1.1.3\jdom-1.1.3.jar;G:\maven2\repository\org\jibx\config\3rdparty\org\eclipse\org.eclipse.core.contenttype\3.4.100.v20110423-0524\org.eclipse.core.contenttype-3.4.100.v20110423-0524.jar;G:\maven2\repository\org\jibx\config\3rdparty\org\eclipse\org.eclipse.core.jobs\3.5.100.v20110404\org.eclipse.core.jobs-3.5.100.v20110404.jar;G:\maven2\repository\org\jibx\config\3rdparty\org\eclipse\org.eclipse.core.resources\3.7.100.v20110510-0712\org.eclipse.core.resources-3.7.100.v20110510-0712.jar;G:\maven2\repository\org\jibx\config\3rdparty\org\eclipse\org.eclipse.core.runtime\3.7.0.v20110110\org.eclipse.core.runtime-3.7.0.v20110110.jar;G:\maven2\repository\org\jibx\config\3rdparty\org\eclipse\org.eclipse.equinox.common\3.6.0.v20110523\org.eclipse.equinox.common-3.6.0.v20110523.jar;G:\maven2\repository\org\jibx\config\3rdparty\org\eclipse\org.eclipse.equinox.preferences\3.4.0.v20110502\org.eclipse.equinox.preferences-3.4.0.v20110502.jar;G:\maven2\repository\org\jibx\config\3rdparty\org\eclipse\org.eclipse.jdt.core\3.7.0.v_B61\org.eclipse.jdt.core-3.7.0.v_B61.jar;G:\maven2\repository\org\jibx\config\3rdparty\org\eclipse\org.eclipse.osgi\3.7.0.v20110613\org.eclipse.osgi-3.7.0.v20110613.jar;G:\maven2\repository\org\jibx\config\3rdparty\org\eclipse\org.eclipse.text\3.5.100.v20110505-0800\org.eclipse.text-3.5.100.v20110505-0800.jar;G:\maven2\repository\org\slf4j\slf4j-api\1.6.6\slf4j-api-1.6.6.jar;G:\maven2\repository\ch\qos\logback\logback-classic\1.0.7\logback-classic-1.0.7.jar;G:\maven2\repository\ch\qos\logback\logback-core\1.0.7\logback-core-1.0.7.jar;G:\maven2\repository\junit\junit\4.10\junit-4.10.jar;G:\maven2\repository\org\hamcrest\hamcrest-core\1.1\hamcrest-core-1.1.jar;G:\maven2\repository\org\hamcrest\hamcrest-all\1.3\hamcrest-all-1.3.jar;"/>
    <property name="java.vm.specification.version" value="1.0"/>
    <property name="sun.arch.data.model" value="64"/>
    <property name="java.home" value="C:\Program Files\Java\jdk1.6.0_20\jre"/>
    <property name="java.specification.vendor" value="Sun Microsystems Inc."/>
    <property name="user.language" value="en"/>
    <property name="awt.toolkit" value="sun.awt.windows.WToolkit"/>
    <property name="java.vm.info" value="mixed mode"/>
    <property name="java.version" value="1.6.0_20"/>
    <property name="java.ext.dirs" value="C:\Program Files\Java\jdk1.6.0_20\jre\lib\ext;C:\Windows\Sun\Java\lib\ext"/>
    <property name="sun.boot.class.path" value="C:\Program Files\Java\jdk1.6.0_20\jre\lib\resources.jar;C:\Program Files\Java\jdk1.6.0_20\jre\lib\rt.jar;C:\Program Files\Java\jdk1.6.0_20\jre\lib\sunrsasign.jar;C:\Program Files\Java\jdk1.6.0_20\jre\lib\jsse.jar;C:\Program Files\Java\jdk1.6.0_20\jre\lib\jce.jar;C:\Program Files\Java\jdk1.6.0_20\jre\lib\charsets.jar;C:\Program Files\Java\jdk1.6.0_20\jre\classes"/>
    <property name="java.vendor" value="Sun Microsystems Inc."/>
    <property name="localRepository" value="G:\maven2\repository"/>
    <property name="file.separator" value="\"/>
    <property name="java.vendor.url.bug" value="http://java.sun.com/cgi-bin/bugreport.cgi"/>
    <property name="sun.cpu.endian" value="little"/>
    <property name="sun.io.unicode.encoding" value="UnicodeLittle"/>
    <property name="sun.desktop" value="windows"/>
    <property name="sun.cpu.isalist" value="amd64"/>
  </properties>
  <testcase time="0.049" classname="amidja.jas.core.AppTest" name="testA">
    <failure message="Not yet implemented" type="java.lang.AssertionError">java.lang.AssertionError: Not yet implemented
	at org.junit.Assert.fail(Assert.java:93)
	at amidja.jas.core.AppTest.testA(AppTest.java:20)
	at sun.reflect.NativeMethodAccessorImpl.invoke0(Native Method)
	at sun.reflect.NativeMethodAccessorImpl.invoke(NativeMethodAccessorImpl.java:39)
	at sun.reflect.DelegatingMethodAccessorImpl.invoke(DelegatingMethodAccessorImpl.java:25)
	at java.lang.reflect.Method.invoke(Method.java:597)
	at org.junit.runners.model.FrameworkMethod$1.runReflectiveCall(FrameworkMethod.java:45)
	at org.junit.internal.runners.model.ReflectiveCallable.run(ReflectiveCallable.java:15)
	at org.junit.runners.model.FrameworkMethod.invokeExplosively(FrameworkMethod.java:42)
	at org.junit.internal.runners.statements.InvokeMethod.evaluate(InvokeMethod.java:20)
	at org.junit.rules.TestWatcher$1.evaluate(TestWatcher.java:47)
	at org.junit.rules.RunRules.evaluate(RunRules.java:18)
	at org.junit.runners.ParentRunner.runLeaf(ParentRunner.java:263)
	at org.junit.runners.BlockJUnit4ClassRunner.runChild(BlockJUnit4ClassRunner.java:68)
	at org.junit.runners.BlockJUnit4ClassRunner.runChild(BlockJUnit4ClassRunner.java:47)
	at org.junit.runners.ParentRunner$3.run(ParentRunner.java:231)
	at org.junit.runners.ParentRunner$1.schedule(ParentRunner.java:60)
	at org.junit.runners.ParentRunner.runChildren(ParentRunner.java:229)
	at org.junit.runners.ParentRunner.access$000(ParentRunner.java:50)
	at org.junit.runners.ParentRunner$2.evaluate(ParentRunner.java:222)
	at org.junit.runners.ParentRunner.run(ParentRunner.java:300)
	at org.apache.maven.surefire.junit4.JUnit4TestSet.execute(JUnit4TestSet.java:62)
	at org.apache.maven.surefire.suite.AbstractDirectoryTestSuite.executeTestSet(AbstractDirectoryTestSuite.java:140)
	at org.apache.maven.surefire.suite.AbstractDirectoryTestSuite.execute(AbstractDirectoryTestSuite.java:127)
	at org.apache.maven.surefire.Surefire.run(Surefire.java:177)
	at sun.reflect.NativeMethodAccessorImpl.invoke0(Native Method)
	at sun.reflect.NativeMethodAccessorImpl.invoke(NativeMethodAccessorImpl.java:39)
	at sun.reflect.DelegatingMethodAccessorImpl.invoke(DelegatingMethodAccessorImpl.java:25)
	at java.lang.reflect.Method.invoke(Method.java:597)
	at org.apache.maven.surefire.booter.SurefireBooter.runSuitesInProcess(SurefireBooter.java:345)
	at org.apache.maven.surefire.booter.SurefireBooter.main(SurefireBooter.java:1009)
</failure>
    <system-out>15:32:16.303 [main] INFO  amidja.jas.core.AppTest - testA being run...
</system-out>
  </testcase>
  <testcase time="0.001" classname="amidja.jas.core.AppTest" name="testB">
    <failure message="Not yet implemented" type="java.lang.AssertionError">java.lang.AssertionError: Not yet implemented
	at org.junit.Assert.fail(Assert.java:93)
	at amidja.jas.core.AppTest.testB(AppTest.java:26)
	at sun.reflect.NativeMethodAccessorImpl.invoke0(Native Method)
	at sun.reflect.NativeMethodAccessorImpl.invoke(NativeMethodAccessorImpl.java:39)
	at sun.reflect.DelegatingMethodAccessorImpl.invoke(DelegatingMethodAccessorImpl.java:25)
	at java.lang.reflect.Method.invoke(Method.java:597)
	at org.junit.runners.model.FrameworkMethod$1.runReflectiveCall(FrameworkMethod.java:45)
	at org.junit.internal.runners.model.ReflectiveCallable.run(ReflectiveCallable.java:15)
	at org.junit.runners.model.FrameworkMethod.invokeExplosively(FrameworkMethod.java:42)
	at org.junit.internal.runners.statements.InvokeMethod.evaluate(InvokeMethod.java:20)
	at org.junit.rules.TestWatcher$1.evaluate(TestWatcher.java:47)
	at org.junit.rules.RunRules.evaluate(RunRules.java:18)
	at org.junit.runners.ParentRunner.runLeaf(ParentRunner.java:263)
	at org.junit.runners.BlockJUnit4ClassRunner.runChild(BlockJUnit4ClassRunner.java:68)
	at org.junit.runners.BlockJUnit4ClassRunner.runChild(BlockJUnit4ClassRunner.java:47)
	at org.junit.runners.ParentRunner$3.run(ParentRunner.java:231)
	at org.junit.runners.ParentRunner$1.schedule(ParentRunner.java:60)
	at org.junit.runners.ParentRunner.runChildren(ParentRunner.java:229)
	at org.junit.runners.ParentRunner.access$000(ParentRunner.java:50)
	at org.junit.runners.ParentRunner$2.evaluate(ParentRunner.java:222)
	at org.junit.runners.ParentRunner.run(ParentRunner.java:300)
	at org.apache.maven.surefire.junit4.JUnit4TestSet.execute(JUnit4TestSet.java:62)
	at org.apache.maven.surefire.suite.AbstractDirectoryTestSuite.executeTestSet(AbstractDirectoryTestSuite.java:140)
	at org.apache.maven.surefire.suite.AbstractDirectoryTestSuite.execute(AbstractDirectoryTestSuite.java:127)
	at org.apache.maven.surefire.Surefire.run(Surefire.java:177)
	at sun.reflect.NativeMethodAccessorImpl.invoke0(Native Method)
	at sun.reflect.NativeMethodAccessorImpl.invoke(NativeMethodAccessorImpl.java:39)
	at sun.reflect.DelegatingMethodAccessorImpl.invoke(DelegatingMethodAccessorImpl.java:25)
	at java.lang.reflect.Method.invoke(Method.java:597)
	at org.apache.maven.surefire.booter.SurefireBooter.runSuitesInProcess(SurefireBooter.java:345)
	at org.apache.maven.surefire.booter.SurefireBooter.main(SurefireBooter.java:1009)
</failure>
    <system-out>15:32:16.355 [main] INFO  amidja.jas.core.AppTest - testB being run...
</system-out>
  </testcase>
</testsuite>